[W 2024-01-20 14:31:26.176 LabApp] 'password' has moved from NotebookApp to ServerApp. This config will be passed to ServerApp. Be sure to update your config before our next release.
[W 2024-01-20 14:31:26.177 LabApp] 'password' has moved from NotebookApp to ServerApp. This config will be passed to ServerApp. Be sure to update your config before our next release.
[I 2024-01-20 14:31:26.186 LabApp] JupyterLab extension loaded from /home/jacobmas/anaconda3/lib/python3.9/site-packages/jupyterlab
[I 2024-01-20 14:31:26.187 LabApp] JupyterLab application directory is /home/jacobmas/anaconda3/share/jupyter/lab
[I 14:31:26.195 NotebookApp] Serving notebooks from local directory: /mnt/c/Users/jacob/Software/MTurkScripts
[I 14:31:26.197 NotebookApp] Jupyter Notebook 6.4.8 is running at:
[I 14:31:26.198 NotebookApp] http://localhost:8888/
[I 14:31:26.200 NotebookApp] Use Control-C to stop this server and shut down all kernels (twice to skip confirmation).
read failed 9: Bad file descriptor
read failed 9: Bad file descriptor
read failed 9: Bad file descriptor
read failed 9: Bad file descriptor
read failed 9: Bad file descriptor
read failed 9: Bad file descriptor
read failed 9: Bad file descriptor
Start : This command cannot be run due to the error: The system cannot find the file specified.
At line:1 char:1
+ Start "file:///home/jacobmas/.local/share/jupyter/runtime/nbserver-28 ...
+ ~~~~~~~~~~~~~~~~~~~~~~~~~~~~~~~~~~~~~~~~~~~~~~~~~~~~~~~~~~~~~~~~~~~~~
    + CategoryInfo          : InvalidOperation: (:) [Start-Process], InvalidOperationException
    + FullyQualifiedErrorId : InvalidOperationException,Microsoft.PowerShell.Commands.StartProcessCommand
 
read failed 9: Bad file descriptor
[I 15:29:19.126 NotebookApp] 302 GET / (127.0.0.1) 2.900000ms
[I 15:29:19.132 NotebookApp] 302 GET /tree? (127.0.0.1) 1.630000ms
[I 15:29:20.694 NotebookApp] 302 POST /login?next=%2Ftree%3F (127.0.0.1) 73.090000ms
